[debug] [2019-09-26T10:15:03.216Z] ----------------------------------------------------------------------
[debug] [2019-09-26T10:15:03.223Z] Command:       C:\Program Files\nodejs\node.exe C:\Users\blabla\AppData\Roaming\npm\node_modules\firebase-tools\lib\bin\firebase.js init
[debug] [2019-09-26T10:15:03.224Z] CLI Version:   7.4.0
[debug] [2019-09-26T10:15:03.224Z] Platform:      win32
[debug] [2019-09-26T10:15:03.224Z] Node Version:  v10.16.3
[debug] [2019-09-26T10:15:03.228Z] Time:          Thu Sep 26 2019 12:15:03 GMT+0200 (GMT+02:00)
[debug] [2019-09-26T10:15:03.229Z] ----------------------------------------------------------------------
[debug] 
[debug] [2019-09-26T10:15:03.259Z] > command requires scopes: ["email","openid","https://www.googleapis.com/auth/cloudplatformprojects.readonly","https://www.googleapis.com/auth/firebase","https://www.googleapis.com/auth/cloud-platform"]
[debug] [2019-09-26T10:15:03.260Z] > authorizing via signed-in user
[info] 
     ######## #### ########  ######## ########     ###     ######  ########
     ##        ##  ##     ## ##       ##     ##  ##   ##  ##       ##
     ######    ##  ########  ######   ########  #########  ######  ######
     ##        ##  ##    ##  ##       ##     ## ##     ##       ## ##
     ##       #### ##     ## ######## ########  ##     ##  ######  ########

You're about to initialize a Firebase project in this directory:

  C:\Users\blabla\chatbotvr20

Before we get started, keep in mind:

  * You are initializing in an existing Firebase project directory

[info] 
=== Project Setup
[info] 
[info] First, let's associate this project directory with a Firebase project.
[info] You can create multiple project aliases by running firebase use --add, 
[info] but for now we'll just set up a default project.
[info] 
[info] i  .firebaserc already has a default project, using angularchatbot.
[debug] [2019-09-26T10:15:33.710Z] > refreshing access token with scopes: ["email","https://www.googleapis.com/auth/cloud-platform","https://www.googleapis.com/auth/cloudplatformprojects.readonly","https://www.googleapis.com/auth/firebase","openid"]
[debug] [2019-09-26T10:15:33.712Z] >>> HTTP REQUEST POST https://www.googleapis.com/oauth2/v3/token  
 <request body omitted>
[debug] [2019-09-26T10:15:34.219Z] <<< HTTP RESPONSE 200
[debug] [2019-09-26T10:15:34.250Z] >>> HTTP REQUEST GET https://firebase.googleapis.com/v1beta1/projects/angularchatbot  
 
[debug] [2019-09-26T10:15:34.704Z] <<< HTTP RESPONSE 403
[debug] [2019-09-26T10:15:34.704Z] <<< HTTP RESPONSE BODY
[debug] [2019-09-26T10:15:34.710Z] HTTP Error: 403, The caller does not have permission
[debug] [2019-09-26T10:15:34.989Z] FirebaseError: HTTP Error: 403, The caller does not have permission
    at module.exports (C:\Users\blabla\AppData\Roaming\npm\node_modules\firebase-tools\lib\responseToError.js:38:12)
    at Request._callback (C:\Users\blabla\AppData\Roaming\npm\node_modules\firebase-tools\lib\api.js:39:35)
    at Request.self.callback (C:\Users\blabla\AppData\Roaming\npm\node_modules\firebase-tools\node_modules\request\request.js:185:22)
    at Request.emit (events.js:198:13)
    at Request.EventEmitter.emit (domain.js:448:20)
    at Request.<anonymous> (C:\Users\blabla\AppData\Roaming\npm\node_modules\firebase-tools\node_modules\request\request.js:1161:10)
    at Request.emit (events.js:198:13)
    at Request.EventEmitter.emit (domain.js:448:20)
    at IncomingMessage.<anonymous> (C:\Users\blabla\AppData\Roaming\npm\node_modules\firebase-tools\node_modules\request\request.js:1083:12)
    at Object.onceWrapper (events.js:286:20)
[error] 
[error] Error: Failed to get Firebase project angularchatbot. Please make sure the project exists and your account has permission to access it.
